<?xml version="1.0" encoding="UTF-8"?>
<!-- Generated by org.testng.reporters.JUnitXMLReporter -->
<testsuite ignored="1" hostname="IT-DEV-22" failures="0" tests="1" name="Default test" time="69.408" errors="0" timestamp="2024-03-05T09:35:28 AST">
  <testcase classname="bankAlEtihadECC.tests.OutwardChequesTest" name="repairCheques" time="62.48"/>
  <testcase classname="bankAlEtihadECC.tests.OutwardChequesTest" name="outwardChequesTest" time="0.0">
    <ignored/>
  </testcase> <!-- outwardChequesTest -->
</testsuite> <!-- Default test -->
