<?xml version="1.0" encoding="UTF-8"?>
<testng-results ignored="0" total="2" passed="2" failed="0" skipped="0">
  <reporter-output>
  </reporter-output>
  <suite started-at="2024-03-04T15:53:35 AST" name="Suite" finished-at="2024-03-04T15:55:29 AST" duration-ms="113249">
    <groups>
    </groups>
    <test started-at="2024-03-04T15:53:35 AST" name="Test" finished-at="2024-03-04T15:55:29 AST" duration-ms="113249">
      <class name="bankAlEtihadECC.tests.OutwardChequesTest">
        <test-method is-config="true" signature="launchApplication()[pri:0, instance:bankAlEtihadECC.tests.OutwardChequesTest@4201c465]" started-at="2024-03-04T15:53:36 AST" name="launchApplication" finished-at="2024-03-04T15:53:44 AST" duration-ms="7997" status="PASS">
          <reporter-output>
          </reporter-output>
        </test-method> <!-- launchApplication -->
        <test-method signature="outwardChequesTest(java.util.HashMap)[pri:0, instance:bankAlEtihadECC.tests.OutwardChequesTest@4201c465]" started-at="2024-03-04T15:53:44 AST" name="outwardChequesTest" data-provider="getData" finished-at="2024-03-04T15:54:29 AST" duration-ms="45613" status="PASS">
          <params>
            <param index="0">
              <value>
                <![CDATA[{userLoginName=SD2023, userPass=Test@111}]]>
              </value>
            </param>
          </params>
          <reporter-output>
          </reporter-output>
        </test-method> <!-- outwardChequesTest -->
        <test-method is-config="true" signature="tearDown()[pri:0, instance:bankAlEtihadECC.tests.OutwardChequesTest@4201c465]" started-at="2024-03-04T15:54:29 AST" name="tearDown" finished-at="2024-03-04T15:54:31 AST" duration-ms="1188" status="PASS">
          <reporter-output>
          </reporter-output>
        </test-method> <!-- tearDown -->
        <test-method is-config="true" signature="launchApplication()[pri:0, instance:bankAlEtihadECC.tests.OutwardChequesTest@4201c465]" started-at="2024-03-04T15:54:31 AST" name="launchApplication" finished-at="2024-03-04T15:54:36 AST" duration-ms="5500" status="PASS">
          <reporter-output>
          </reporter-output>
        </test-method> <!-- launchApplication -->
        <test-method signature="repairCheques(java.util.HashMap)[pri:0, instance:bankAlEtihadECC.tests.OutwardChequesTest@4201c465]" started-at="2024-03-04T15:54:36 AST" name="repairCheques" data-provider="getData" finished-at="2024-03-04T15:55:27 AST" duration-ms="51204" status="PASS">
          <params>
            <param index="0">
              <value>
                <![CDATA[{userLoginName=SD2023, userPass=Test@111}]]>
              </value>
            </param>
          </params>
          <reporter-output>
          </reporter-output>
        </test-method> <!-- repairCheques -->
        <test-method is-config="true" signature="tearDown()[pri:0, instance:bankAlEtihadECC.tests.OutwardChequesTest@4201c465]" started-at="2024-03-04T15:55:28 AST" name="tearDown" finished-at="2024-03-04T15:55:29 AST" duration-ms="1156" status="PASS">
          <reporter-output>
          </reporter-output>
        </test-method> <!-- tearDown -->
      </class> <!-- bankAlEtihadECC.tests.OutwardChequesTest -->
    </test> <!-- Test -->
  </suite> <!-- Suite -->
</testng-results>
