<?xml version="1.0" encoding="UTF-8"?>
<testng-results ignored="0" total="1" passed="1" failed="0" skipped="0">
  <reporter-output>
  </reporter-output>
  <suite started-at="2024-03-05T09:34:18 AST" name="Default suite" finished-at="2024-03-05T09:35:28 AST" duration-ms="69408">
    <groups>
    </groups>
    <test started-at="2024-03-05T09:34:18 AST" name="Default test" finished-at="2024-03-05T09:35:28 AST" duration-ms="69408">
      <class name="bankAlEtihadECC.tests.OutwardChequesTest">
        <test-method is-config="true" signature="launchApplication()[pri:0, instance:bankAlEtihadECC.tests.OutwardChequesTest@25ce9dc4]" started-at="2024-03-05T09:34:19 AST" name="launchApplication" finished-at="2024-03-05T09:34:24 AST" duration-ms="5503" status="PASS">
          <reporter-output>
          </reporter-output>
        </test-method> <!-- launchApplication -->
        <test-method signature="repairCheques(java.util.HashMap)[pri:0, instance:bankAlEtihadECC.tests.OutwardChequesTest@25ce9dc4]" started-at="2024-03-05T09:34:24 AST" name="repairCheques" data-provider="getData" finished-at="2024-03-05T09:35:27 AST" duration-ms="62480" status="PASS">
          <params>
            <param index="0">
              <value>
                <![CDATA[{userLoginName=SD2023, userPass=Test@111}]]>
              </value>
            </param>
          </params>
          <reporter-output>
          </reporter-output>
        </test-method> <!-- repairCheques -->
        <test-method is-config="true" signature="tearDown()[pri:0, instance:bankAlEtihadECC.tests.OutwardChequesTest@25ce9dc4]" started-at="2024-03-05T09:35:27 AST" name="tearDown" finished-at="2024-03-05T09:35:28 AST" duration-ms="1238" status="PASS">
          <reporter-output>
          </reporter-output>
        </test-method> <!-- tearDown -->
      </class> <!-- bankAlEtihadECC.tests.OutwardChequesTest -->
    </test> <!-- Default test -->
  </suite> <!-- Default suite -->
</testng-results>
